<?xml version="1.0" encoding="UTF-8"?>
<!-- Generated by org.testng.reporters.JUnitReportReporter -->
<testsuite skipped="0" hostname="DSCHD-015" name="testingxperts.web.tests.IGP_TC_196" tests="1" failures="0" timestamp="9 Feb 2017 11:02:17 GMT" time="33.738" errors="0">
  <testcase name="test" time="33.738" classname="testingxperts.web.tests.IGP_TC_196"/>
</testsuite> <!-- testingxperts.web.tests.IGP_TC_196 -->
