<?xml version="1.0" encoding="UTF-8"?>
<!-- Generated by org.testng.reporters.JUnitReportReporter -->
<testsuite skipped="0" hostname="admin-PC" name="testingxperts.web.tests.IGP_TC_113" tests="1" failures="0" timestamp="20 Mar 2017 09:57:32 GMT" time="31.244" errors="0">
  <testcase name="test" time="31.244" classname="testingxperts.web.tests.IGP_TC_113"/>
</testsuite> <!-- testingxperts.web.tests.IGP_TC_113 -->
