<?xml version="1.0" encoding="UTF-8"?>
<!-- Generated by org.testng.reporters.JUnitReportReporter -->
<testsuite skipped="0" hostname="admin-PC" name="testingxperts.web.tests.IGP_TC_091" tests="1" failures="0" timestamp="5 Apr 2017 14:14:34 GMT" time="84.236" errors="0">
  <testcase name="test" time="84.236" classname="testingxperts.web.tests.IGP_TC_091"/>
</testsuite> <!-- testingxperts.web.tests.IGP_TC_091 -->
