<?xml version="1.0" encoding="UTF-8"?>
<!-- Generated by org.testng.reporters.JUnitReportReporter -->
<testsuite skipped="0" hostname="admin-PC" name="testingxperts.web.tests.IGP_TC_112" tests="1" failures="0" timestamp="27 Mar 2017 13:26:29 GMT" time="31.893" errors="0">
  <testcase name="test" time="31.893" classname="testingxperts.web.tests.IGP_TC_112"/>
</testsuite> <!-- testingxperts.web.tests.IGP_TC_112 -->
