<?xml version="1.0" encoding="UTF-8"?>
<!-- Generated by org.testng.reporters.JUnitReportReporter -->
<testsuite skipped="0" hostname="admin-PC" name="testingxperts.web.tests.IGP_TC_104" tests="1" failures="0" timestamp="31 Mar 2017 06:53:05 GMT" time="48.987" errors="0">
  <testcase name="test" time="48.987" classname="testingxperts.web.tests.IGP_TC_104"/>
</testsuite> <!-- testingxperts.web.tests.IGP_TC_104 -->
