<?xml version="1.0" encoding="UTF-8"?>
<!-- Generated by org.testng.reporters.JUnitReportReporter -->
<testsuite name="testingxperts.web.tests.IGP_TC_195" tests="1" time="44.101" ignored="0" failures="0" timestamp="10 Feb 2017 06:28:46 GMT" skipped="0" hostname="DSCHD-015" errors="0">
  <testcase name="test" time="44.101" classname="testingxperts.web.tests.IGP_TC_195"/>
</testsuite> <!-- testingxperts.web.tests.IGP_TC_195 -->
