<?xml version="1.0" encoding="UTF-8"?>
<!-- Generated by org.testng.reporters.JUnitReportReporter -->
<testsuite name="testingxperts.web.tests.IGP_TC_200" tests="1" time="35.604" ignored="0" failures="0" timestamp="13 Feb 2017 08:44:17 GMT" skipped="0" hostname="DSCHD-015" errors="0">
  <testcase name="test" time="35.604" classname="testingxperts.web.tests.IGP_TC_200"/>
</testsuite> <!-- testingxperts.web.tests.IGP_TC_200 -->
