<?xml version="1.0" encoding="UTF-8"?>
<!-- Generated by org.testng.reporters.JUnitReportReporter -->
<testsuite skipped="0" hostname="admin-PC" name="testingxperts.web.tests.IGP_TC_254" tests="1" failures="0" timestamp="31 Mar 2017 06:53:05 GMT" time="29.594" errors="0">
  <testcase name="test" time="29.594" classname="testingxperts.web.tests.IGP_TC_254"/>
</testsuite> <!-- testingxperts.web.tests.IGP_TC_254 -->
