<?xml version="1.0" encoding="UTF-8"?>
<!-- Generated by org.testng.reporters.JUnitReportReporter -->
<testsuite name="testingxperts.web.tests.IGP_TC_207" tests="1" time="59.179" ignored="0" failures="0" timestamp="13 Feb 2017 14:05:01 GMT" skipped="0" hostname="DSCHD-015" errors="0">
  <testcase name="test" time="59.179" classname="testingxperts.web.tests.IGP_TC_207"/>
</testsuite> <!-- testingxperts.web.tests.IGP_TC_207 -->
