<?xml version="1.0" encoding="UTF-8"?>
<!-- Generated by org.testng.reporters.JUnitReportReporter -->
<testsuite skipped="0" hostname="admin-PC" name="testingxperts.web.tests.IGP_TC_114" tests="1" failures="0" timestamp="20 Mar 2017 09:57:32 GMT" time="23.261" errors="0">
  <testcase name="test" time="23.261" classname="testingxperts.web.tests.IGP_TC_114"/>
</testsuite> <!-- testingxperts.web.tests.IGP_TC_114 -->
