<?xml version="1.0" encoding="UTF-8"?>
<!-- Generated by org.testng.reporters.JUnitReportReporter -->
<testsuite skipped="0" hostname="DSCHD-015" name="testingxperts.web.tests.IGP_TC_173" tests="1" failures="0" timestamp="20 Feb 2017 08:48:50 GMT" time="58.751" errors="0">
  <testcase name="test" time="58.751" classname="testingxperts.web.tests.IGP_TC_173"/>
</testsuite> <!-- testingxperts.web.tests.IGP_TC_173 -->
