<?xml version="1.0" encoding="UTF-8"?>
<!-- Generated by org.testng.reporters.JUnitReportReporter -->
<testsuite name="testingxperts.web.tests.IGP_TC_090" tests="1" time="42.108" ignored="0" failures="0" timestamp="08 Mar 2017 14:08:24 GMT" skipped="0" hostname="CB-71" errors="0">
  <testcase name="test" time="42.108" classname="testingxperts.web.tests.IGP_TC_090"/>
</testsuite> <!-- testingxperts.web.tests.IGP_TC_090 -->
