<?xml version="1.0" encoding="UTF-8"?>
<!-- Generated by org.testng.reporters.JUnitReportReporter -->
<testsuite name="testingxperts.web.tests.IGP_TC_090" tests="1" time="37.609" ignored="0" failures="0" timestamp="13 Feb 2017 10:38:06 GMT" skipped="0" hostname="DSCHD-015" errors="0">
  <testcase name="test" time="37.609" classname="testingxperts.web.tests.IGP_TC_090"/>
</testsuite> <!-- testingxperts.web.tests.IGP_TC_090 -->
