<?xml version="1.0" encoding="UTF-8"?>
<!-- Generated by org.testng.reporters.JUnitReportReporter -->
<testsuite name="suite.runner.CustomSuiteRunner" tests="1" time="258.173" ignored="0" failures="0" timestamp="17 Feb 2017 10:43:45 GMT" skipped="0" hostname="DSCHD-015" errors="0">
  <testcase name="suiteRunner" time="258.173" classname="suite.runner.CustomSuiteRunner"/>
</testsuite> <!-- suite.runner.CustomSuiteRunner -->
