<?xml version="1.0" encoding="UTF-8"?>
<!-- Generated by org.testng.reporters.JUnitReportReporter -->
<testsuite name="suite.runner.CustomSuiteRunner" tests="1" time="320.707" ignored="0" failures="0" timestamp="21 Feb 2017 14:20:04 GMT" skipped="0" hostname="DSCHD-015" errors="0">
  <testcase name="suiteRunner" time="320.707" classname="suite.runner.CustomSuiteRunner"/>
</testsuite> <!-- suite.runner.CustomSuiteRunner -->
