<?xml version="1.0" encoding="UTF-8"?>
<!-- Generated by org.testng.reporters.JUnitReportReporter -->
<testsuite skipped="0" hostname="admin-PC" name="testingxperts.web.tests.IGP_TC_NewPayment" tests="1" failures="0" timestamp="03 Apr 2017 07:25:00 GMT" time="57.016" errors="0">
  <testcase name="test" time="57.016" classname="testingxperts.web.tests.IGP_TC_NewPayment"/>
</testsuite> <!-- testingxperts.web.tests.IGP_TC_NewPayment -->
