<?xml version="1.0" encoding="UTF-8"?>
<!-- Generated by org.testng.reporters.JUnitReportReporter -->
<testsuite skipped="0" hostname="CB-71" name="testingxperts.web.tests.IGP_TC_083" tests="1" failures="0" timestamp="14 Mar 2017 11:49:09 GMT" time="36.144" errors="0">
  <testcase name="test" time="36.144" classname="testingxperts.web.tests.IGP_TC_083"/>
</testsuite> <!-- testingxperts.web.tests.IGP_TC_083 -->
