<?xml version="1.0" encoding="UTF-8"?>
<!-- Generated by org.testng.reporters.JUnitReportReporter -->
<testsuite name="testingxperts.web.tests.IGP_TC_096" tests="1" time="25.542" ignored="0" failures="0" timestamp="22 Feb 2017 09:27:25 GMT" skipped="0" hostname="DSCHD-015" errors="0">
  <testcase name="test" time="25.542" classname="testingxperts.web.tests.IGP_TC_096"/>
</testsuite> <!-- testingxperts.web.tests.IGP_TC_096 -->
