<?xml version="1.0" encoding="UTF-8"?>
<!-- Generated by org.testng.reporters.JUnitReportReporter -->
<testsuite name="testingxperts.web.tests.IGP_TC_093" tests="1" time="67.190" ignored="0" failures="0" timestamp="07 Mar 2017 09:49:48 GMT" skipped="0" hostname="CB-71" errors="0">
  <testcase name="test" time="67.190" classname="testingxperts.web.tests.IGP_TC_093"/>
</testsuite> <!-- testingxperts.web.tests.IGP_TC_093 -->
