<?xml version="1.0" encoding="UTF-8"?>
<!-- Generated by org.testng.reporters.JUnitReportReporter -->
<testsuite name="testingxperts.web.tests.IGP_TC_197" tests="1" time="38.786" ignored="0" failures="0" timestamp="09 Feb 2017 07:47:54 GMT" skipped="0" hostname="DSCHD-015" errors="0">
  <testcase name="test" time="38.786" classname="testingxperts.web.tests.IGP_TC_197"/>
</testsuite> <!-- testingxperts.web.tests.IGP_TC_197 -->
