<?xml version="1.0" encoding="UTF-8"?>
<!-- Generated by org.testng.reporters.JUnitReportReporter -->
<testsuite name="testingxperts.web.tests.IGP_TC_218" tests="1" time="76.792" ignored="0" failures="0" timestamp="15 Feb 2017 08:20:46 GMT" skipped="0" hostname="DSCHD-015" errors="0">
  <testcase name="test" time="76.792" classname="testingxperts.web.tests.IGP_TC_218"/>
</testsuite> <!-- testingxperts.web.tests.IGP_TC_218 -->
