<?xml version="1.0" encoding="UTF-8"?>
<!-- Generated by org.testng.reporters.JUnitReportReporter -->
<testsuite skipped="0" hostname="admin-PC" name="testingxperts.web.tests.IGP_TC_256" tests="1" failures="0" timestamp="06 Apr 2017 10:02:01 GMT" time="196.794" errors="0">
  <testcase name="test" time="196.794" classname="testingxperts.web.tests.IGP_TC_256"/>
</testsuite> <!-- testingxperts.web.tests.IGP_TC_256 -->
