<?xml version="1.0" encoding="UTF-8"?>
<!-- Generated by org.testng.reporters.JUnitReportReporter -->
<testsuite skipped="0" hostname="DSCHD-015" name="testingxperts.web.tests.IGP_TC_160" tests="1" failures="0" timestamp="20 Feb 2017 10:32:14 GMT" time="51.790" errors="0">
  <testcase name="test" time="51.790" classname="testingxperts.web.tests.IGP_TC_160"/>
</testsuite> <!-- testingxperts.web.tests.IGP_TC_160 -->
