<?xml version="1.0" encoding="UTF-8"?>
<!-- Generated by org.testng.reporters.JUnitReportReporter -->
<testsuite skipped="0" hostname="CB-71" name="testingxperts.web.tests.IGP_TC_096" tests="1" failures="0" timestamp="14 Mar 2017 11:49:10 GMT" time="20.076" errors="0">
  <testcase name="test" time="20.076" classname="testingxperts.web.tests.IGP_TC_096"/>
</testsuite> <!-- testingxperts.web.tests.IGP_TC_096 -->
