<?xml version="1.0" encoding="UTF-8"?>
<!-- Generated by org.testng.reporters.JUnitReportReporter -->
<testsuite name="suite.runner.CustomSuiteRunner" tests="1" time="479.006" ignored="0" failures="0" timestamp="08 Mar 2017 13:54:09 GMT" skipped="0" hostname="CB-71" errors="0">
  <testcase name="suiteRunner" time="479.006" classname="suite.runner.CustomSuiteRunner"/>
</testsuite> <!-- suite.runner.CustomSuiteRunner -->
