<?xml version="1.0" encoding="UTF-8"?>
<!-- Generated by org.testng.reporters.JUnitReportReporter -->
<testsuite skipped="0" hostname="admin-PC" name="testingxperts.web.tests.IGP_TC_204" tests="1" failures="0" timestamp="03 Apr 2017 06:54:04 GMT" time="50.883" errors="0">
  <testcase name="test" time="50.883" classname="testingxperts.web.tests.IGP_TC_204"/>
</testsuite> <!-- testingxperts.web.tests.IGP_TC_204 -->
